DEBUG:root:mu: Tensor("main/pi/Tanh:0", shape=(?, 3, 2), dtype=float32)
DEBUG:root:pi: Tensor("main/pi/Tanh_1:0", shape=(?, 2), dtype=float32)
DEBUG:root:logp_pi: Tensor("main/pi/sub_3:0", shape=(?,), dtype=float32)
DEBUG:root:mu: Tensor("main_1/pi/Tanh:0", shape=(?, 3, 2), dtype=float32)
DEBUG:root:pi: Tensor("main_1/pi/Tanh_1:0", shape=(?, 2), dtype=float32)
DEBUG:root:logp_pi: Tensor("main_1/pi/sub_3:0", shape=(?,), dtype=float32)
DEBUG:root:mu: Tensor("main/pi/Tanh:0", shape=(?, 3, 2), dtype=float32)
DEBUG:root:pi: Tensor("main/pi/Tanh_1:0", shape=(?, 2), dtype=float32)
DEBUG:root:logp_pi: Tensor("main/pi/sub_3:0", shape=(?,), dtype=float32)
DEBUG:root:mu: Tensor("main_1/pi/Tanh:0", shape=(?, 3, 2), dtype=float32)
DEBUG:root:pi: Tensor("main_1/pi/Tanh_1:0", shape=(?, 2), dtype=float32)
DEBUG:root:logp_pi: Tensor("main_1/pi/sub_3:0", shape=(?,), dtype=float32)
DEBUG:root:mu: Tensor("main/pi/Tanh:0", shape=(?, 3, 2), dtype=float32)
DEBUG:root:pi: Tensor("main/pi/Tanh_1:0", shape=(?, 2), dtype=float32)
DEBUG:root:logp_pi: Tensor("main/pi/sub_3:0", shape=(?,), dtype=float32)
DEBUG:root:mu: Tensor("main_1/pi/Tanh:0", shape=(?, 3, 2), dtype=float32)
DEBUG:root:pi: Tensor("main_1/pi/Tanh_1:0", shape=(?, 2), dtype=float32)
DEBUG:root:logp_pi: Tensor("main_1/pi/sub_3:0", shape=(?,), dtype=float32)
DEBUG:root:mu: Tensor("main/pi/Tanh:0", shape=(?, 3, 2), dtype=float32)
DEBUG:root:pi: Tensor("main/pi/Tanh_1:0", shape=(?, 2), dtype=float32)
DEBUG:root:logp_pi: Tensor("main/pi/sub_3:0", shape=(?,), dtype=float32)
DEBUG:root:mu: Tensor("main_1/pi/Tanh:0", shape=(?, 3, 2), dtype=float32)
DEBUG:root:pi: Tensor("main_1/pi/Tanh_1:0", shape=(?, 2), dtype=float32)
DEBUG:root:logp_pi: Tensor("main_1/pi/sub_3:0", shape=(?,), dtype=float32)
